<?xml version="1.0" encoding="UTF-8"?>
<!-- Generated by org.testng.reporters.JUnitReportReporter -->
<testsuite hostname="Asplap1679" failures="0" tests="10" name="Indiamart.TestCases" time="35.715" errors="0" timestamp="2025-03-18T14:10:39 IST" skipped="0">
  <testcase classname="Indiamart.TestCases" name="SearchWithValidInput" time="2.126">
    <system-out>
      <![CDATA[Test case-01 :
Step 1: Entering 'Home Decor Item' in the search bar.
Step 2: Clicking the search button.
Step 3: Capturing screenshot.
Test case : 1 - Successfully completed
<a href='C:\Users\mouniga.chinna\eclipse-workspace\Indiamart\screenshots\SearchWithValidInput.png' target='_blank'>Testcase:01-Passed</a>]]>
    </system-out>
  </testcase> <!-- SearchWithValidInput -->
  <testcase classname="Indiamart.TestCases" name="SearchWithInValidInput" time="2.079">
    <system-out>
      <![CDATA[Test case-02
Step 1: Entering '@@$#@#@#$' in the search bar.
Step 2: Clicking the search button.
Step 3: Capturing screenshot.
Test case : 2 - Successfully completed
<a href='C:\Users\mouniga.chinna\eclipse-workspace\Indiamart\screenshots\SearchWithInValidInput.png' target='_blank'>Testcase:02-Passed</a>]]>
    </system-out>
  </testcase> <!-- SearchWithInValidInput -->
  <testcase classname="Indiamart.TestCases" name="SearchWithLocation" time="1.159">
    <system-out>
      <![CDATA[Test case-03
Step 1: Entering 'Home Decor Item' in the search bar.
Step 2: Clicking the search button.
Step 3: Setting location filter to 'Chennai'.
Step 4: Capturing screenshot.
Test case : 3 - Successfully completed
<a href='C:\Users\mouniga.chinna\eclipse-workspace\Indiamart\screenshots\SearchWithLocation.png' target='_blank'>Testcase:03-Passed</a>]]>
    </system-out>
  </testcase> <!-- SearchWithLocation -->
  <testcase classname="Indiamart.TestCases" name="SearchWithMisSpelled" time="0.701">
    <system-out>
      <![CDATA[Test case-04:
Step 1: Entering 'Plasic Chair' in the search bar.
Step 2: Clicking the search button.
Step 3: Capturing screenshot.
Test case : 4 - Successfully completed
<a href='C:\Users\mouniga.chinna\eclipse-workspace\Indiamart\screenshots\SearchWithMisSpelled.png' target='_blank'>Testcase:04-Passed</a>]]>
    </system-out>
  </testcase> <!-- SearchWithMisSpelled -->
  <testcase classname="Indiamart.TestCases" name="SearchWithSpecialCharacter" time="0.712">
    <system-out>
      <![CDATA[Test case-05:
Step 1: Entering '#@#Plastic Chair' in the search bar.
Step 2: Clicking the search button.
Step 3: Capturing screenshot.
Test case : 5 - Successfully completed
<a href='C:\Users\mouniga.chinna\eclipse-workspace\Indiamart\screenshots\SearchWithSpecialCharacter.png' target='_blank'>Testcase:05-Passed</a>]]>
    </system-out>
  </testcase> <!-- SearchWithSpecialCharacter -->
  <testcase classname="Indiamart.TestCases" name="ProductDetails" time="4.521">
    <system-out>
      <![CDATA[Test case - 6:
Step 1: Searched for 'Home Decor Item'.
Step 2: Clicked search button.
Step 3: Selected a product from the search results.
Step 4: Screenshot captured for Product Details.
Test case : 6 - Successfully completed
<a href='C:\Users\mouniga.chinna\eclipse-workspace\Indiamart\screenshots\ProductDetails.png' target='_blank'>Testcase:06-Passed</a>]]>
    </system-out>
  </testcase> <!-- ProductDetails -->
  <testcase classname="Indiamart.TestCases" name="ProductImages" time="8.440">
    <system-out>
      <![CDATA[Test case - 07 :
Step 1: Searched for 'Home Decor Item'.
Step 2: Clicked search button.
Step 3: Selected a product from the search results.
Step 4: Switched to product window.
Step 5: Entered mobile number for verification.
Step 6: Clicked on a product image.
Step 7: Screenshot captured for Product Images.
<a href='C:\Users\mouniga.chinna\eclipse-workspace\Indiamart\screenshots\ProductImages.png' target='_blank'>Testcase:07-Passed</a>
Product image verification completed successfully.]]>
    </system-out>
  </testcase> <!-- ProductImages -->
  <testcase classname="Indiamart.TestCases" name="ProductRating" time="2.071">
    <system-out>
      <![CDATA[Test case-08 : 
Step 1: Searched for 'Home Decor Item'.
Step 2: Clicked search button.
Step 3: Selected a product from the search results.
Step 4: Switched to product window.
<a href='C:\Users\mouniga.chinna\eclipse-workspace\Indiamart\screenshots\ProductRating.png' target='_blank'>Testcase:08-Passed</a>
Product Rating verification completed successfully.]]>
    </system-out>
  </testcase> <!-- ProductRating -->
  <testcase classname="Indiamart.TestCases" name="SuppilerDetails" time="0.252">
    <system-out>
      <![CDATA[Test case-09 :
Step 1: Searched for 'Home Decor Item'.
Step 2: Clicked search button.
Step 3: Selected a product from the search results.
Step 4: Switched to product window.
<a href='C:\Users\mouniga.chinna\eclipse-workspace\Indiamart\screenshots\SuppilerDetails.png' target='_blank'>Testcase:09-Passed</a>
Product supplier details are verification completed successfully.]]>
    </system-out>
  </testcase> <!-- SuppilerDetails -->
  <testcase classname="Indiamart.TestCases" name="CheckoutDetails" time="13.654">
    <system-out>
      <![CDATA[Test case-10 :
Step 1: Clicked on shopping button.
Step 2: Searched for 'Home decor item'.
Step 3: Clicked on buy button.
Step 4: Switched to new window.
Step 5: Entering user details
Step 6: Entering user details:Email
Step 7: Entering user details:FirstName
Step 8: Entering user details:LastName
Step 9: Entering user details:Address
Step 10: Entering user details:City
Step 11: Entering user details:Pincode
Step 12: Entering user details:phone
User details entered successfully.
<a href='C:\Users\mouniga.chinna\eclipse-workspace\Indiamart\screenshots\CheckoutDetails.png' target='_blank'>Testcase:10-Passed</a>]]>
    </system-out>
  </testcase> <!-- CheckoutDetails -->
  <system-out>
    <![CDATA[Test case-01 :
Step 1: Entering 'Home Decor Item' in the search bar.
Step 2: Clicking the search button.
Step 3: Capturing screenshot.
Test case : 1 - Successfully completed
<a href='C:\Users\mouniga.chinna\eclipse-workspace\Indiamart\screenshots\SearchWithValidInput.png' target='_blank'>Testcase:01-Passed</a>
Test case-02
Step 1: Entering '@@$#@#@#$' in the search bar.
Step 2: Clicking the search button.
Step 3: Capturing screenshot.
Test case : 2 - Successfully completed
<a href='C:\Users\mouniga.chinna\eclipse-workspace\Indiamart\screenshots\SearchWithInValidInput.png' target='_blank'>Testcase:02-Passed</a>
Test case-03
Step 1: Entering 'Home Decor Item' in the search bar.
Step 2: Clicking the search button.
Step 3: Setting location filter to 'Chennai'.
Step 4: Capturing screenshot.
Test case : 3 - Successfully completed
<a href='C:\Users\mouniga.chinna\eclipse-workspace\Indiamart\screenshots\SearchWithLocation.png' target='_blank'>Testcase:03-Passed</a>
Test case-04:
Step 1: Entering 'Plasic Chair' in the search bar.
Step 2: Clicking the search button.
Step 3: Capturing screenshot.
Test case : 4 - Successfully completed
<a href='C:\Users\mouniga.chinna\eclipse-workspace\Indiamart\screenshots\SearchWithMisSpelled.png' target='_blank'>Testcase:04-Passed</a>
Test case-05:
Step 1: Entering '#@#Plastic Chair' in the search bar.
Step 2: Clicking the search button.
Step 3: Capturing screenshot.
Test case : 5 - Successfully completed
<a href='C:\Users\mouniga.chinna\eclipse-workspace\Indiamart\screenshots\SearchWithSpecialCharacter.png' target='_blank'>Testcase:05-Passed</a>
Test case - 6:
Step 1: Searched for 'Home Decor Item'.
Step 2: Clicked search button.
Step 3: Selected a product from the search results.
Step 4: Screenshot captured for Product Details.
Test case : 6 - Successfully completed
<a href='C:\Users\mouniga.chinna\eclipse-workspace\Indiamart\screenshots\ProductDetails.png' target='_blank'>Testcase:06-Passed</a>
Test case - 07 :
Step 1: Searched for 'Home Decor Item'.
Step 2: Clicked search button.
Step 3: Selected a product from the search results.
Step 4: Switched to product window.
Step 5: Entered mobile number for verification.
Step 6: Clicked on a product image.
Step 7: Screenshot captured for Product Images.
<a href='C:\Users\mouniga.chinna\eclipse-workspace\Indiamart\screenshots\ProductImages.png' target='_blank'>Testcase:07-Passed</a>
Product image verification completed successfully.
Test case-08 : 
Step 1: Searched for 'Home Decor Item'.
Step 2: Clicked search button.
Step 3: Selected a product from the search results.
Step 4: Switched to product window.
<a href='C:\Users\mouniga.chinna\eclipse-workspace\Indiamart\screenshots\ProductRating.png' target='_blank'>Testcase:08-Passed</a>
Product Rating verification completed successfully.
Test case-09 :
Step 1: Searched for 'Home Decor Item'.
Step 2: Clicked search button.
Step 3: Selected a product from the search results.
Step 4: Switched to product window.
<a href='C:\Users\mouniga.chinna\eclipse-workspace\Indiamart\screenshots\SuppilerDetails.png' target='_blank'>Testcase:09-Passed</a>
Product supplier details are verification completed successfully.
Test case-10 :
Step 1: Clicked on shopping button.
Step 2: Searched for 'Home decor item'.
Step 3: Clicked on buy button.
Step 4: Switched to new window.
Step 5: Entering user details
Step 6: Entering user details:Email
Step 7: Entering user details:FirstName
Step 8: Entering user details:LastName
Step 9: Entering user details:Address
Step 10: Entering user details:City
Step 11: Entering user details:Pincode
Step 12: Entering user details:phone
User details entered successfully.
<a href='C:\Users\mouniga.chinna\eclipse-workspace\Indiamart\screenshots\CheckoutDetails.png' target='_blank'>Testcase:10-Passed</a>]]>
  </system-out>
</testsuite> <!-- Indiamart.TestCases -->
