<?xml version="1.0" encoding="UTF-8"?>
<!-- Generated by org.testng.reporters.JUnitXMLReporter -->
<testsuite ignored="0" hostname="Asplap1679" failures="0" tests="10" name="Test" time="39.734" errors="0" timestamp="2025-03-18T14:10:39 IST">
  <testcase classname="Indiamart.TestCases" name="SearchWithValidInput" time="2.126"/>
  <testcase classname="Indiamart.TestCases" name="SearchWithInValidInput" time="2.079"/>
  <testcase classname="Indiamart.TestCases" name="SearchWithLocation" time="1.159"/>
  <testcase classname="Indiamart.TestCases" name="SearchWithMisSpelled" time="0.701"/>
  <testcase classname="Indiamart.TestCases" name="SearchWithSpecialCharacter" time="0.712"/>
  <testcase classname="Indiamart.TestCases" name="ProductDetails" time="4.521"/>
  <testcase classname="Indiamart.TestCases" name="ProductImages" time="8.44"/>
  <testcase classname="Indiamart.TestCases" name="ProductRating" time="2.071"/>
  <testcase classname="Indiamart.TestCases" name="SuppilerDetails" time="0.252"/>
  <testcase classname="Indiamart.TestCases" name="CheckoutDetails" time="13.654"/>
</testsuite> <!-- Test -->
