<?xml version="1.0" encoding="UTF-8"?>
<!-- Generated by org.testng.reporters.JUnitXMLReporter -->
<testsuite ignored="9" hostname="Asplap1679" failures="0" tests="1" name="Default test" time="11.112" errors="0" timestamp="2025-03-17T00:59:04 IST">
  <testcase classname="Indiamart.TestCases" name="ProductRating" time="7.203"/>
  <testcase classname="Indiamart.TestCases" name="SearchWithLocation" time="0.0">
    <ignored/>
  </testcase> <!-- SearchWithLocation -->
  <testcase classname="Indiamart.TestCases" name="SearchWithInValidInput" time="0.0">
    <ignored/>
  </testcase> <!-- SearchWithInValidInput -->
  <testcase classname="Indiamart.TestCases" name="ProductDetails" time="0.0">
    <ignored/>
  </testcase> <!-- ProductDetails -->
  <testcase classname="Indiamart.TestCases" name="SearchWithSpecialCharacter" time="0.0">
    <ignored/>
  </testcase> <!-- SearchWithSpecialCharacter -->
  <testcase classname="Indiamart.TestCases" name="SearchWithMisSpelled" time="0.0">
    <ignored/>
  </testcase> <!-- SearchWithMisSpelled -->
  <testcase classname="Indiamart.TestCases" name="ProductImages" time="0.0">
    <ignored/>
  </testcase> <!-- ProductImages -->
  <testcase classname="Indiamart.TestCases" name="CheckoutDetails" time="0.0">
    <ignored/>
  </testcase> <!-- CheckoutDetails -->
  <testcase classname="Indiamart.TestCases" name="SuppilerDetails" time="0.0">
    <ignored/>
  </testcase> <!-- SuppilerDetails -->
  <testcase classname="Indiamart.TestCases" name="SearchWithValidInput" time="0.0">
    <ignored/>
  </testcase> <!-- SearchWithValidInput -->
</testsuite> <!-- Default test -->
